\BOOKMARK [1][-]{section.1}{Texture description}{}% 1
\BOOKMARK [2][-]{subsection.1.0}{Texture 0}{section.1}% 2
\BOOKMARK [2][-]{subsection.1.1}{Texture 1}{section.1}% 3
\BOOKMARK [2][-]{subsection.1.2}{Texture 2}{section.1}% 4
\BOOKMARK [2][-]{subsection.1.3}{Texture 3}{section.1}% 5
\BOOKMARK [2][-]{subsection.1.4}{Texture 4}{section.1}% 6
\BOOKMARK [2][-]{subsection.1.5}{Texture 5}{section.1}% 7
\BOOKMARK [2][-]{subsection.1.6}{Texture 6}{section.1}% 8
\BOOKMARK [2][-]{subsection.1.7}{Texture 7}{section.1}% 9
\BOOKMARK [1][-]{section.2}{Visualizing the GLCM matrices}{}% 10
\BOOKMARK [2][-]{subsection.2.1}{The GLCM vals}{section.2}% 11
\BOOKMARK [3][-]{subsubsection.2.1.0}{Texture 0}{subsection.2.1}% 12
\BOOKMARK [3][-]{subsubsection.2.1.1}{Texture 1}{subsection.2.1}% 13
\BOOKMARK [3][-]{subsubsection.2.1.2}{Texture 2}{subsection.2.1}% 14
\BOOKMARK [3][-]{subsubsection.2.1.3}{Texture 3}{subsection.2.1}% 15
\BOOKMARK [3][-]{subsubsection.2.1.4}{Texture 4}{subsection.2.1}% 16
\BOOKMARK [3][-]{subsubsection.2.1.5}{Texture 5}{subsection.2.1}% 17
\BOOKMARK [3][-]{subsubsection.2.1.6}{Texture 6}{subsection.2.1}% 18
\BOOKMARK [3][-]{subsubsection.2.1.7}{Texture 7}{subsection.2.1}% 19
\BOOKMARK [2][-]{subsection.2.2}{The GLCM Results}{section.2}% 20
\BOOKMARK [3][-]{subsubsection.2.2.0}{Texture 0}{subsection.2.2}% 21
\BOOKMARK [3][-]{subsubsection.2.2.1}{Texture 1}{subsection.2.2}% 22
\BOOKMARK [3][-]{subsubsection.2.2.2}{Texture 2}{subsection.2.2}% 23
\BOOKMARK [3][-]{subsubsection.2.2.3}{Texture 3}{subsection.2.2}% 24
\BOOKMARK [3][-]{subsubsection.2.2.4}{Texture 4}{subsection.2.2}% 25
\BOOKMARK [3][-]{subsubsection.2.2.5}{Texture 5}{subsection.2.2}% 26
\BOOKMARK [3][-]{subsubsection.2.2.6}{Texture 6}{subsection.2.2}% 27
\BOOKMARK [3][-]{subsubsection.2.2.7}{Texture 7}{subsection.2.2}% 28
