This is pdfTeX, Version 3.14159265-2.6-1.40.16 (TeX Live 2015/Debian) (preloaded format=pdflatex 2017.9.22)  9 OCT 2017 19:58
entering extended mode
 restricted \write18 enabled.
 %&-line parsing enabled.
**report.tex
(./report.tex
LaTeX2e <2016/02/01>
Babel <3.9q> and hyphenation patterns for 81 language(s) loaded.
(/usr/share/texlive/texmf-dist/tex/latex/base/article.cls
Document Class: article 2014/09/29 v1.4h Standard LaTeX document class
(/usr/share/texlive/texmf-dist/tex/latex/base/size10.clo
File: size10.clo 2014/09/29 v1.4h Standard LaTeX file (size option)
)
\c@part=\count79
\c@section=\count80
\c@subsection=\count81
\c@subsubsection=\count82
\c@paragraph=\count83
\c@subparagraph=\count84
\c@figure=\count85
\c@table=\count86
\abovecaptionskip=\skip41
\belowcaptionskip=\skip42
\bibindent=\dimen102
)
(/usr/share/texlive/texmf-dist/tex/latex/base/inputenc.sty
Package: inputenc 2015/03/17 v1.2c Input encoding file
\inpenc@prehook=\toks14
\inpenc@posthook=\toks15

(/usr/share/texlive/texmf-dist/tex/latex/base/utf8.def
File: utf8.def 2015/12/03 v1.1r UTF-8 support for inputenc
Now handling font encoding OML ...
... no UTF-8 mapping file for font encoding OML
Now handling font encoding T1 ...
... processing UTF-8 mapping file for font encoding T1

(/usr/share/texlive/texmf-dist/tex/latex/base/t1enc.dfu
File: t1enc.dfu 2015/12/03 v1.1r UTF-8 support for inputenc
   defining Unicode char U+00A0 (decimal 160)
   defining Unicode char U+00A1 (decimal 161)
   defining Unicode char U+00A3 (decimal 163)
   defining Unicode char U+00AB (decimal 171)
   defining Unicode char U+00AD (decimal 173)
   defining Unicode char U+00BB (decimal 187)
   defining Unicode char U+00BF (decimal 191)
   defining Unicode char U+00C0 (decimal 192)
   defining Unicode char U+00C1 (decimal 193)
   defining Unicode char U+00C2 (decimal 194)
   defining Unicode char U+00C3 (decimal 195)
   defining Unicode char U+00C4 (decimal 196)
   defining Unicode char U+00C5 (decimal 197)
   defining Unicode char U+00C6 (decimal 198)
   defining Unicode char U+00C7 (decimal 199)
   defining Unicode char U+00C8 (decimal 200)
   defining Unicode char U+00C9 (decimal 201)
   defining Unicode char U+00CA (decimal 202)
   defining Unicode char U+00CB (decimal 203)
   defining Unicode char U+00CC (decimal 204)
   defining Unicode char U+00CD (decimal 205)
   defining Unicode char U+00CE (decimal 206)
   defining Unicode char U+00CF (decimal 207)
   defining Unicode char U+00D0 (decimal 208)
   defining Unicode char U+00D1 (decimal 209)
   defining Unicode char U+00D2 (decimal 210)
   defining Unicode char U+00D3 (decimal 211)
   defining Unicode char U+00D4 (decimal 212)
   defining Unicode char U+00D5 (decimal 213)
   defining Unicode char U+00D6 (decimal 214)
   defining Unicode char U+00D8 (decimal 216)
   defining Unicode char U+00D9 (decimal 217)
   defining Unicode char U+00DA (decimal 218)
   defining Unicode char U+00DB (decimal 219)
   defining Unicode char U+00DC (decimal 220)
   defining Unicode char U+00DD (decimal 221)
   defining Unicode char U+00DE (decimal 222)
   defining Unicode char U+00DF (decimal 223)
   defining Unicode char U+00E0 (decimal 224)
   defining Unicode char U+00E1 (decimal 225)
   defining Unicode char U+00E2 (decimal 226)
   defining Unicode char U+00E3 (decimal 227)
   defining Unicode char U+00E4 (decimal 228)
   defining Unicode char U+00E5 (decimal 229)
   defining Unicode char U+00E6 (decimal 230)
   defining Unicode char U+00E7 (decimal 231)
   defining Unicode char U+00E8 (decimal 232)
   defining Unicode char U+00E9 (decimal 233)
   defining Unicode char U+00EA (decimal 234)
   defining Unicode char U+00EB (decimal 235)
   defining Unicode char U+00EC (decimal 236)
   defining Unicode char U+00ED (decimal 237)
   defining Unicode char U+00EE (decimal 238)
   defining Unicode char U+00EF (decimal 239)
   defining Unicode char U+00F0 (decimal 240)
   defining Unicode char U+00F1 (decimal 241)
   defining Unicode char U+00F2 (decimal 242)
   defining Unicode char U+00F3 (decimal 243)
   defining Unicode char U+00F4 (decimal 244)
   defining Unicode char U+00F5 (decimal 245)
   defining Unicode char U+00F6 (decimal 246)
   defining Unicode char U+00F8 (decimal 248)
   defining Unicode char U+00F9 (decimal 249)
   defining Unicode char U+00FA (decimal 250)
   defining Unicode char U+00FB (decimal 251)
   defining Unicode char U+00FC (decimal 252)
   defining Unicode char U+00FD (decimal 253)
   defining Unicode char U+00FE (decimal 254)
   defining Unicode char U+00FF (decimal 255)
   defining Unicode char U+0100 (decimal 256)
   defining Unicode char U+0101 (decimal 257)
   defining Unicode char U+0102 (decimal 258)
   defining Unicode char U+0103 (decimal 259)
   defining Unicode char U+0104 (decimal 260)
   defining Unicode char U+0105 (decimal 261)
   defining Unicode char U+0106 (decimal 262)
   defining Unicode char U+0107 (decimal 263)
   defining Unicode char U+0108 (decimal 264)
   defining Unicode char U+0109 (decimal 265)
   defining Unicode char U+010A (decimal 266)
   defining Unicode char U+010B (decimal 267)
   defining Unicode char U+010C (decimal 268)
   defining Unicode char U+010D (decimal 269)
   defining Unicode char U+010E (decimal 270)
   defining Unicode char U+010F (decimal 271)
   defining Unicode char U+0110 (decimal 272)
   defining Unicode char U+0111 (decimal 273)
   defining Unicode char U+0112 (decimal 274)
   defining Unicode char U+0113 (decimal 275)
   defining Unicode char U+0114 (decimal 276)
   defining Unicode char U+0115 (decimal 277)
   defining Unicode char U+0116 (decimal 278)
   defining Unicode char U+0117 (decimal 279)
   defining Unicode char U+0118 (decimal 280)
   defining Unicode char U+0119 (decimal 281)
   defining Unicode char U+011A (decimal 282)
   defining Unicode char U+011B (decimal 283)
   defining Unicode char U+011C (decimal 284)
   defining Unicode char U+011D (decimal 285)
   defining Unicode char U+011E (decimal 286)
   defining Unicode char U+011F (decimal 287)
   defining Unicode char U+0120 (decimal 288)
   defining Unicode char U+0121 (decimal 289)
   defining Unicode char U+0122 (decimal 290)
   defining Unicode char U+0123 (decimal 291)
   defining Unicode char U+0124 (decimal 292)
   defining Unicode char U+0125 (decimal 293)
   defining Unicode char U+0128 (decimal 296)
   defining Unicode char U+0129 (decimal 297)
   defining Unicode char U+012A (decimal 298)
   defining Unicode char U+012B (decimal 299)
   defining Unicode char U+012C (decimal 300)
   defining Unicode char U+012D (decimal 301)
   defining Unicode char U+012E (decimal 302)
   defining Unicode char U+012F (decimal 303)
   defining Unicode char U+0130 (decimal 304)
   defining Unicode char U+0131 (decimal 305)
   defining Unicode char U+0132 (decimal 306)
   defining Unicode char U+0133 (decimal 307)
   defining Unicode char U+0134 (decimal 308)
   defining Unicode char U+0135 (decimal 309)
   defining Unicode char U+0136 (decimal 310)
   defining Unicode char U+0137 (decimal 311)
   defining Unicode char U+0139 (decimal 313)
   defining Unicode char U+013A (decimal 314)
   defining Unicode char U+013B (decimal 315)
   defining Unicode char U+013C (decimal 316)
   defining Unicode char U+013D (decimal 317)
   defining Unicode char U+013E (decimal 318)
   defining Unicode char U+0141 (decimal 321)
   defining Unicode char U+0142 (decimal 322)
   defining Unicode char U+0143 (decimal 323)
   defining Unicode char U+0144 (decimal 324)
   defining Unicode char U+0145 (decimal 325)
   defining Unicode char U+0146 (decimal 326)
   defining Unicode char U+0147 (decimal 327)
   defining Unicode char U+0148 (decimal 328)
   defining Unicode char U+014A (decimal 330)
   defining Unicode char U+014B (decimal 331)
   defining Unicode char U+014C (decimal 332)
   defining Unicode char U+014D (decimal 333)
   defining Unicode char U+014E (decimal 334)
   defining Unicode char U+014F (decimal 335)
   defining Unicode char U+0150 (decimal 336)
   defining Unicode char U+0151 (decimal 337)
   defining Unicode char U+0152 (decimal 338)
   defining Unicode char U+0153 (decimal 339)
   defining Unicode char U+0154 (decimal 340)
   defining Unicode char U+0155 (decimal 341)
   defining Unicode char U+0156 (decimal 342)
   defining Unicode char U+0157 (decimal 343)
   defining Unicode char U+0158 (decimal 344)
   defining Unicode char U+0159 (decimal 345)
   defining Unicode char U+015A (decimal 346)
   defining Unicode char U+015B (decimal 347)
   defining Unicode char U+015C (decimal 348)
   defining Unicode char U+015D (decimal 349)
   defining Unicode char U+015E (decimal 350)
   defining Unicode char U+015F (decimal 351)
   defining Unicode char U+0160 (decimal 352)
   defining Unicode char U+0161 (decimal 353)
   defining Unicode char U+0162 (decimal 354)
   defining Unicode char U+0163 (decimal 355)
   defining Unicode char U+0164 (decimal 356)
   defining Unicode char U+0165 (decimal 357)
   defining Unicode char U+0168 (decimal 360)
   defining Unicode char U+0169 (decimal 361)
   defining Unicode char U+016A (decimal 362)
   defining Unicode char U+016B (decimal 363)
   defining Unicode char U+016C (decimal 364)
   defining Unicode char U+016D (decimal 365)
   defining Unicode char U+016E (decimal 366)
   defining Unicode char U+016F (decimal 367)
   defining Unicode char U+0170 (decimal 368)
   defining Unicode char U+0171 (decimal 369)
   defining Unicode char U+0172 (decimal 370)
   defining Unicode char U+0173 (decimal 371)
   defining Unicode char U+0174 (decimal 372)
   defining Unicode char U+0175 (decimal 373)
   defining Unicode char U+0176 (decimal 374)
   defining Unicode char U+0177 (decimal 375)
   defining Unicode char U+0178 (decimal 376)
   defining Unicode char U+0179 (decimal 377)
   defining Unicode char U+017A (decimal 378)
   defining Unicode char U+017B (decimal 379)
   defining Unicode char U+017C (decimal 380)
   defining Unicode char U+017D (decimal 381)
   defining Unicode char U+017E (decimal 382)
   defining Unicode char U+01CD (decimal 461)
   defining Unicode char U+01CE (decimal 462)
   defining Unicode char U+01CF (decimal 463)
   defining Unicode char U+01D0 (decimal 464)
   defining Unicode char U+01D1 (decimal 465)
   defining Unicode char U+01D2 (decimal 466)
   defining Unicode char U+01D3 (decimal 467)
   defining Unicode char U+01D4 (decimal 468)
   defining Unicode char U+01E2 (decimal 482)
   defining Unicode char U+01E3 (decimal 483)
   defining Unicode char U+01E6 (decimal 486)
   defining Unicode char U+01E7 (decimal 487)
   defining Unicode char U+01E8 (decimal 488)
   defining Unicode char U+01E9 (decimal 489)
   defining Unicode char U+01EA (decimal 490)
   defining Unicode char U+01EB (decimal 491)
   defining Unicode char U+01F0 (decimal 496)
   defining Unicode char U+01F4 (decimal 500)
   defining Unicode char U+01F5 (decimal 501)
   defining Unicode char U+0218 (decimal 536)
   defining Unicode char U+0219 (decimal 537)
   defining Unicode char U+021A (decimal 538)
   defining Unicode char U+021B (decimal 539)
   defining Unicode char U+01E02 (decimal 7682)
   defining Unicode char U+01E03 (decimal 7683)
   defining Unicode char U+200C (decimal 8204)
   defining Unicode char U+2013 (decimal 8211)
   defining Unicode char U+2014 (decimal 8212)
   defining Unicode char U+2018 (decimal 8216)
   defining Unicode char U+2019 (decimal 8217)
   defining Unicode char U+201A (decimal 8218)
   defining Unicode char U+201C (decimal 8220)
   defining Unicode char U+201D (decimal 8221)
   defining Unicode char U+201E (decimal 8222)
   defining Unicode char U+2030 (decimal 8240)
   defining Unicode char U+2031 (decimal 8241)
   defining Unicode char U+2039 (decimal 8249)
   defining Unicode char U+203A (decimal 8250)
   defining Unicode char U+2423 (decimal 9251)
)
Now handling font encoding OT1 ...
... processing UTF-8 mapping file for font encoding OT1

(/usr/share/texlive/texmf-dist/tex/latex/base/ot1enc.dfu
File: ot1enc.dfu 2015/12/03 v1.1r UTF-8 support for inputenc
   defining Unicode char U+00A0 (decimal 160)
   defining Unicode char U+00A1 (decimal 161)
   defining Unicode char U+00A3 (decimal 163)
   defining Unicode char U+00AD (decimal 173)
   defining Unicode char U+00B8 (decimal 184)
   defining Unicode char U+00BF (decimal 191)
   defining Unicode char U+00C5 (decimal 197)
   defining Unicode char U+00C6 (decimal 198)
   defining Unicode char U+00D8 (decimal 216)
   defining Unicode char U+00DF (decimal 223)
   defining Unicode char U+00E6 (decimal 230)
   defining Unicode char U+00EC (decimal 236)
   defining Unicode char U+00ED (decimal 237)
   defining Unicode char U+00EE (decimal 238)
   defining Unicode char U+00EF (decimal 239)
   defining Unicode char U+00F8 (decimal 248)
   defining Unicode char U+0131 (decimal 305)
   defining Unicode char U+0141 (decimal 321)
   defining Unicode char U+0142 (decimal 322)
   defining Unicode char U+0152 (decimal 338)
   defining Unicode char U+0153 (decimal 339)
   defining Unicode char U+0174 (decimal 372)
   defining Unicode char U+0175 (decimal 373)
   defining Unicode char U+0176 (decimal 374)
   defining Unicode char U+0177 (decimal 375)
   defining Unicode char U+0218 (decimal 536)
   defining Unicode char U+0219 (decimal 537)
   defining Unicode char U+021A (decimal 538)
   defining Unicode char U+021B (decimal 539)
   defining Unicode char U+2013 (decimal 8211)
   defining Unicode char U+2014 (decimal 8212)
   defining Unicode char U+2018 (decimal 8216)
   defining Unicode char U+2019 (decimal 8217)
   defining Unicode char U+201C (decimal 8220)
   defining Unicode char U+201D (decimal 8221)
)
Now handling font encoding OMS ...
... processing UTF-8 mapping file for font encoding OMS

(/usr/share/texlive/texmf-dist/tex/latex/base/omsenc.dfu
File: omsenc.dfu 2015/12/03 v1.1r UTF-8 support for inputenc
   defining Unicode char U+00A7 (decimal 167)
   defining Unicode char U+00B6 (decimal 182)
   defining Unicode char U+00B7 (decimal 183)
   defining Unicode char U+2020 (decimal 8224)
   defining Unicode char U+2021 (decimal 8225)
   defining Unicode char U+2022 (decimal 8226)
)
Now handling font encoding OMX ...
... no UTF-8 mapping file for font encoding OMX
Now handling font encoding U ...
... no UTF-8 mapping file for font encoding U
   defining Unicode char U+00A9 (decimal 169)
   defining Unicode char U+00AA (decimal 170)
   defining Unicode char U+00AE (decimal 174)
   defining Unicode char U+00BA (decimal 186)
   defining Unicode char U+02C6 (decimal 710)
   defining Unicode char U+02DC (decimal 732)
   defining Unicode char U+200C (decimal 8204)
   defining Unicode char U+2026 (decimal 8230)
   defining Unicode char U+2122 (decimal 8482)
   defining Unicode char U+2423 (decimal 9251)
))
(/usr/share/texlive/texmf-dist/tex/latex/base/fontenc.sty
Package: fontenc 2005/09/27 v1.99g Standard LaTeX package

(/usr/share/texlive/texmf-dist/tex/latex/base/t1enc.def
File: t1enc.def 2005/09/27 v1.99g Standard LaTeX file
LaTeX Font Info:    Redeclaring font encoding T1 on input line 48.
))
(/usr/share/texlive/texmf-dist/tex/generic/babel/babel.sty
Package: babel 2016/02/24 3.9q The Babel package

(/usr/share/texlive/texmf-dist/tex/generic/babel-norsk/norsk.ldf
Language: norsk 2012/08/06 v2.0i Norsk support from the babel system

(/usr/share/texlive/texmf-dist/tex/generic/babel/babel.def
File: babel.def 2016/02/24 3.9q Babel common definitions
\babel@savecnt=\count87
\U@D=\dimen103
)
Package babel Info: Making " an active character on input line 113.
))
(/usr/share/texlive/texmf-dist/tex/latex/amsmath/amsmath.sty
Package: amsmath 2016/03/03 v2.15a AMS math features
\@mathmargin=\skip43

For additional information on amsmath, use the `?' option.
(/usr/share/texlive/texmf-dist/tex/latex/amsmath/amstext.sty
Package: amstext 2000/06/29 v2.01 AMS text

(/usr/share/texlive/texmf-dist/tex/latex/amsmath/amsgen.sty
File: amsgen.sty 1999/11/30 v2.0 generic functions
\@emptytoks=\toks16
\ex@=\dimen104
))
(/usr/share/texlive/texmf-dist/tex/latex/amsmath/amsbsy.sty
Package: amsbsy 1999/11/29 v1.2d Bold Symbols
\pmbraise@=\dimen105
)
(/usr/share/texlive/texmf-dist/tex/latex/amsmath/amsopn.sty
Package: amsopn 1999/12/14 v2.01 operator names
)
\inf@bad=\count88
LaTeX Info: Redefining \frac on input line 199.
\uproot@=\count89
\leftroot@=\count90
LaTeX Info: Redefining \overline on input line 297.
\classnum@=\count91
\DOTSCASE@=\count92
LaTeX Info: Redefining \ldots on input line 394.
LaTeX Info: Redefining \dots on input line 397.
LaTeX Info: Redefining \cdots on input line 518.
\Mathstrutbox@=\box26
\strutbox@=\box27
\big@size=\dimen106
LaTeX Font Info:    Redeclaring font encoding OML on input line 630.
LaTeX Font Info:    Redeclaring font encoding OMS on input line 631.
\macc@depth=\count93
\c@MaxMatrixCols=\count94
\dotsspace@=\muskip10
\c@parentequation=\count95
\dspbrk@lvl=\count96
\tag@help=\toks17
\row@=\count97
\column@=\count98
\maxfields@=\count99
\andhelp@=\toks18
\eqnshift@=\dimen107
\alignsep@=\dimen108
\tagshift@=\dimen109
\tagwidth@=\dimen110
\totwidth@=\dimen111
\lineht@=\dimen112
\@envbody=\toks19
\multlinegap=\skip44
\multlinetaggap=\skip45
\mathdisplay@stack=\toks20
LaTeX Info: Redefining \[ on input line 2735.
LaTeX Info: Redefining \] on input line 2736.
)
(/usr/share/texlive/texmf-dist/tex/latex/hyperref/hyperref.sty
Package: hyperref 2012/11/06 v6.83m Hypertext links for LaTeX

(/usr/share/texlive/texmf-dist/tex/generic/oberdiek/hobsub-hyperref.sty
Package: hobsub-hyperref 2012/05/28 v1.13 Bundle oberdiek, subset hyperref (HO)


(/usr/share/texlive/texmf-dist/tex/generic/oberdiek/hobsub-generic.sty
Package: hobsub-generic 2012/05/28 v1.13 Bundle oberdiek, subset generic (HO)
Package: hobsub 2012/05/28 v1.13 Construct package bundles (HO)
Package: infwarerr 2010/04/08 v1.3 Providing info/warning/error messages (HO)
Package: ltxcmds 2011/11/09 v1.22 LaTeX kernel commands for general use (HO)
Package: ifluatex 2010/03/01 v1.3 Provides the ifluatex switch (HO)
Package ifluatex Info: LuaTeX not detected.
Package: ifvtex 2010/03/01 v1.5 Detect VTeX and its facilities (HO)
Package ifvtex Info: VTeX not detected.
Package: intcalc 2007/09/27 v1.1 Expandable calculations with integers (HO)
Package: ifpdf 2011/01/30 v2.3 Provides the ifpdf switch (HO)
Package ifpdf Info: pdfTeX in PDF mode is detected.
Package: etexcmds 2011/02/16 v1.5 Avoid name clashes with e-TeX commands (HO)
Package etexcmds Info: Could not find \expanded.
(etexcmds)             That can mean that you are not using pdfTeX 1.50 or
(etexcmds)             that some package has redefined \expanded.
(etexcmds)             In the latter case, load this package earlier.
Package: kvsetkeys 2012/04/25 v1.16 Key value parser (HO)
Package: kvdefinekeys 2011/04/07 v1.3 Define keys (HO)
Package: pdftexcmds 2011/11/29 v0.20 Utility functions of pdfTeX for LuaTeX (HO
)
Package pdftexcmds Info: LuaTeX not detected.
Package pdftexcmds Info: \pdf@primitive is available.
Package pdftexcmds Info: \pdf@ifprimitive is available.
Package pdftexcmds Info: \pdfdraftmode found.
Package: pdfescape 2011/11/25 v1.13 Implements pdfTeX's escape features (HO)
Package: bigintcalc 2012/04/08 v1.3 Expandable calculations on big integers (HO
)
Package: bitset 2011/01/30 v1.1 Handle bit-vector datatype (HO)
Package: uniquecounter 2011/01/30 v1.2 Provide unlimited unique counter (HO)
)
Package hobsub Info: Skipping package `hobsub' (already loaded).
Package: letltxmacro 2010/09/02 v1.4 Let assignment for LaTeX macros (HO)
Package: hopatch 2012/05/28 v1.2 Wrapper for package hooks (HO)
Package: xcolor-patch 2011/01/30 xcolor patch
Package: atveryend 2011/06/30 v1.8 Hooks at the very end of document (HO)
Package atveryend Info: \enddocument detected (standard20110627).
Package: atbegshi 2011/10/05 v1.16 At begin shipout hook (HO)
Package: refcount 2011/10/16 v3.4 Data extraction from label references (HO)
Package: hycolor 2011/01/30 v1.7 Color options for hyperref/bookmark (HO)
)
(/usr/share/texlive/texmf-dist/tex/latex/graphics/keyval.sty
Package: keyval 2014/10/28 v1.15 key=value parser (DPC)
\KV@toks@=\toks21
)
(/usr/share/texlive/texmf-dist/tex/generic/ifxetex/ifxetex.sty
Package: ifxetex 2010/09/12 v0.6 Provides ifxetex conditional
)
(/usr/share/texlive/texmf-dist/tex/latex/oberdiek/auxhook.sty
Package: auxhook 2011/03/04 v1.3 Hooks for auxiliary files (HO)
)
(/usr/share/texlive/texmf-dist/tex/latex/oberdiek/kvoptions.sty
Package: kvoptions 2011/06/30 v3.11 Key value format for package options (HO)
)
\@linkdim=\dimen113
\Hy@linkcounter=\count100
\Hy@pagecounter=\count101

(/usr/share/texlive/texmf-dist/tex/latex/hyperref/pd1enc.def
File: pd1enc.def 2012/11/06 v6.83m Hyperref: PDFDocEncoding definition (HO)
Now handling font encoding PD1 ...
... no UTF-8 mapping file for font encoding PD1
)
\Hy@SavedSpaceFactor=\count102

(/usr/share/texlive/texmf-dist/tex/latex/latexconfig/hyperref.cfg
File: hyperref.cfg 2002/06/06 v1.2 hyperref configuration of TeXLive
)
Package hyperref Info: Hyper figures OFF on input line 4443.
Package hyperref Info: Link nesting OFF on input line 4448.
Package hyperref Info: Hyper index ON on input line 4451.
Package hyperref Info: Plain pages OFF on input line 4458.
Package hyperref Info: Backreferencing OFF on input line 4463.
Package hyperref Info: Implicit mode ON; LaTeX internals redefined.
Package hyperref Info: Bookmarks ON on input line 4688.
\c@Hy@tempcnt=\count103

(/usr/share/texlive/texmf-dist/tex/latex/url/url.sty
\Urlmuskip=\muskip11
Package: url 2013/09/16  ver 3.4  Verb mode for urls, etc.
)
LaTeX Info: Redefining \url on input line 5041.
\XeTeXLinkMargin=\dimen114
\Fld@menulength=\count104
\Field@Width=\dimen115
\Fld@charsize=\dimen116
Package hyperref Info: Hyper figures OFF on input line 6295.
Package hyperref Info: Link nesting OFF on input line 6300.
Package hyperref Info: Hyper index ON on input line 6303.
Package hyperref Info: backreferencing OFF on input line 6310.
Package hyperref Info: Link coloring OFF on input line 6315.
Package hyperref Info: Link coloring with OCG OFF on input line 6320.
Package hyperref Info: PDF/A mode OFF on input line 6325.
LaTeX Info: Redefining \ref on input line 6365.
LaTeX Info: Redefining \pageref on input line 6369.
\Hy@abspage=\count105
\c@Item=\count106
\c@Hfootnote=\count107
)

Package hyperref Message: Driver (autodetected): hpdftex.

(/usr/share/texlive/texmf-dist/tex/latex/hyperref/hpdftex.def
File: hpdftex.def 2012/11/06 v6.83m Hyperref driver for pdfTeX
\Fld@listcount=\count108
\c@bookmark@seq@number=\count109

(/usr/share/texlive/texmf-dist/tex/latex/oberdiek/rerunfilecheck.sty
Package: rerunfilecheck 2011/04/15 v1.7 Rerun checks for auxiliary files (HO)
Package uniquecounter Info: New unique counter `rerunfilecheck' on input line 2
82.
)
\Hy@SectionHShift=\skip46
)
(/usr/share/texlive/texmf-dist/tex/latex/tools/enumerate.sty
Package: enumerate 2015/07/23 v3.00 enumerate extensions (DPC)
\@enLab=\toks22
)
(/usr/share/texlive/texmf-dist/tex/latex/graphics/graphicx.sty
Package: graphicx 2014/10/28 v1.0g Enhanced LaTeX Graphics (DPC,SPQR)

(/usr/share/texlive/texmf-dist/tex/latex/graphics/graphics.sty
Package: graphics 2016/01/03 v1.0q Standard LaTeX Graphics (DPC,SPQR)

(/usr/share/texlive/texmf-dist/tex/latex/graphics/trig.sty
Package: trig 2016/01/03 v1.10 sin cos tan (DPC)
)
(/usr/share/texlive/texmf-dist/tex/latex/latexconfig/graphics.cfg
File: graphics.cfg 2010/04/23 v1.9 graphics configuration of TeX Live
)
Package graphics Info: Driver file: pdftex.def on input line 95.

(/usr/share/texlive/texmf-dist/tex/latex/pdftex-def/pdftex.def
File: pdftex.def 2011/05/27 v0.06d Graphics/color for pdfTeX
\Gread@gobject=\count110
))
\Gin@req@height=\dimen117
\Gin@req@width=\dimen118
)
(/usr/share/texlive/texmf-dist/tex/latex/listings/listings.sty
\lst@mode=\count111
\lst@gtempboxa=\box28
\lst@token=\toks23
\lst@length=\count112
\lst@currlwidth=\dimen119
\lst@column=\count113
\lst@pos=\count114
\lst@lostspace=\dimen120
\lst@width=\dimen121
\lst@newlines=\count115
\lst@lineno=\count116
\lst@maxwidth=\dimen122

(/usr/share/texlive/texmf-dist/tex/latex/listings/lstmisc.sty
File: lstmisc.sty 2015/06/04 1.6 (Carsten Heinz)
\c@lstnumber=\count117
\lst@skipnumbers=\count118
\lst@framebox=\box29
)
(/usr/share/texlive/texmf-dist/tex/latex/listings/listings.cfg
File: listings.cfg 2015/06/04 1.6 listings configuration
))
Package: listings 2015/06/04 1.6 (Carsten Heinz)

(/usr/share/texlive/texmf-dist/tex/latex/graphics/color.sty
Package: color 2016/01/03 v1.1b Standard LaTeX Color (DPC)

(/usr/share/texlive/texmf-dist/tex/latex/latexconfig/color.cfg
File: color.cfg 2007/01/18 v1.5 color configuration of teTeX/TeXLive
)
Package color Info: Driver file: pdftex.def on input line 143.
)
(/usr/share/texlive/texmf-dist/tex/latex/was/gensymb.sty
Package: gensymb 2003/07/02 v1.0 (WaS)
)
(/usr/share/texlive/texmf-dist/tex/latex/subfig/subfig.sty
Package: subfig 2005/06/28 ver: 1.3 subfig package

(/usr/share/texlive/texmf-dist/tex/latex/caption/caption.sty
Package: caption 2016/02/21 v3.3-144 Customizing captions (AR)

(/usr/share/texlive/texmf-dist/tex/latex/caption/caption3.sty
Package: caption3 2016/02/04 v1.7-139 caption3 kernel (AR)
Package caption3 Info: TeX engine: e-TeX on input line 67.
\captionmargin=\dimen123
\captionmargin@=\dimen124
\captionwidth=\dimen125
\caption@tempdima=\dimen126
\caption@indent=\dimen127
\caption@parindent=\dimen128
\caption@hangindent=\dimen129
)
\c@ContinuedFloat=\count119
Package caption Info: hyperref package is loaded.
Package caption Info: listings package is loaded.
)
\c@KVtest=\count120
\sf@farskip=\skip47
\sf@captopadj=\dimen130
\sf@capskip=\skip48
\sf@nearskip=\skip49
\c@subfigure=\count121
\c@subfigure@save=\count122
\c@lofdepth=\count123
\c@subtable=\count124
\c@subtable@save=\count125
\c@lotdepth=\count126
\sf@top=\skip50
\sf@bottom=\skip51
)
(/usr/share/texlive/texmf-dist/tex/latex/fancyvrb/fancyvrb.sty
Package: fancyvrb 2008/02/07

Style option: `fancyvrb' v2.7a, with DG/SPQR fixes, and firstline=lastline fix 
<2008/02/07> (tvz)
\FV@CodeLineNo=\count127
\FV@InFile=\read1
\FV@TabBox=\box30
\c@FancyVerbLine=\count128
\FV@StepNumber=\count129
\FV@OutFile=\write3
) (./report.aux)
\openout1 = `report.aux'.

LaTeX Font Info:    Checking defaults for OML/cmm/m/it on input line 43.
LaTeX Font Info:    ... okay on input line 43.
LaTeX Font Info:    Checking defaults for T1/cmr/m/n on input line 43.
LaTeX Font Info:    ... okay on input line 43.
LaTeX Font Info:    Checking defaults for OT1/cmr/m/n on input line 43.
LaTeX Font Info:    ... okay on input line 43.
LaTeX Font Info:    Checking defaults for OMS/cmsy/m/n on input line 43.
LaTeX Font Info:    ... okay on input line 43.
LaTeX Font Info:    Checking defaults for OMX/cmex/m/n on input line 43.
LaTeX Font Info:    ... okay on input line 43.
LaTeX Font Info:    Checking defaults for U/cmr/m/n on input line 43.
LaTeX Font Info:    ... okay on input line 43.
LaTeX Font Info:    Checking defaults for PD1/pdf/m/n on input line 43.
LaTeX Font Info:    ... okay on input line 43.
\AtBeginShipoutBox=\box31
Package hyperref Info: Link coloring OFF on input line 43.

(/usr/share/texlive/texmf-dist/tex/latex/hyperref/nameref.sty
Package: nameref 2012/10/27 v2.43 Cross-referencing by name of section

(/usr/share/texlive/texmf-dist/tex/generic/oberdiek/gettitlestring.sty
Package: gettitlestring 2010/12/03 v1.4 Cleanup title references (HO)
)
\c@section@level=\count130
)
LaTeX Info: Redefining \ref on input line 43.
LaTeX Info: Redefining \pageref on input line 43.
LaTeX Info: Redefining \nameref on input line 43.

(./report.out) (./report.out)
\@outlinefile=\write4
\openout4 = `report.out'.


(/usr/share/texlive/texmf-dist/tex/context/base/supp-pdf.mkii
[Loading MPS to PDF converter (version 2006.09.02).]
\scratchcounter=\count131
\scratchdimen=\dimen131
\scratchbox=\box32
\nofMPsegments=\count132
\nofMParguments=\count133
\everyMPshowfont=\toks24
\MPscratchCnt=\count134
\MPscratchDim=\dimen132
\MPnumerator=\count135
\makeMPintoPDFobject=\count136
\everyMPtoPDFconversion=\toks25
) (/usr/share/texlive/texmf-dist/tex/latex/oberdiek/epstopdf-base.sty
Package: epstopdf-base 2010/02/09 v2.5 Base part for package epstopdf

(/usr/share/texlive/texmf-dist/tex/latex/oberdiek/grfext.sty
Package: grfext 2010/08/19 v1.1 Manage graphics extensions (HO)
)
Package grfext Info: Graphics extension search list:
(grfext)             [.png,.pdf,.jpg,.mps,.jpeg,.jbig2,.jb2,.PNG,.PDF,.JPG,.JPE
G,.JBIG2,.JB2,.eps]
(grfext)             \AppendGraphicsExtensions on input line 452.

(/usr/share/texlive/texmf-dist/tex/latex/latexconfig/epstopdf-sys.cfg
File: epstopdf-sys.cfg 2010/07/13 v1.3 Configuration of (r)epstopdf for TeX Liv
e
))
\c@lstlisting=\count137
LaTeX Info: Redefining \celsius on input line 43.
Package gensymb Info: Faking symbols for \degree and \celsius on input line 43.



Package gensymb Warning: Not defining \perthousand.

LaTeX Info: Redefining \ohm on input line 43.
Package gensymb Info: Using \Omega for \ohm on input line 43.

Package gensymb Warning: Not defining \micro.

Package caption Info: Begin \AtBeginDocument code.
Package caption Info: subfig package v1.3 is loaded.
Package caption Info: End \AtBeginDocument code.
[1

{/var/lib/texmf/fonts/map/pdftex/updmap/pdftex.map}] (./report.toc)
\tf@toc=\write5
\openout5 = `report.toc'.

 [2]
Underfull \hbox (badness 10000) in paragraph at lines 52--54

 []

LaTeX Font Info:    Try loading font information for T1+cmtt on input line 60.
(/usr/share/texlive/texmf-dist/tex/latex/base/t1cmtt.fd
File: t1cmtt.fd 2014/09/29 v2.5h Standard LaTeX font definitions
) [3]
Underfull \hbox (badness 10000) in paragraph at lines 80--82

 []


Underfull \hbox (badness 10000) in paragraph at lines 83--85

 []


Underfull \hbox (badness 10000) in paragraph at lines 86--88

 []


Underfull \hbox (badness 10000) in paragraph at lines 90--92

 []


Underfull \hbox (badness 10000) in paragraph at lines 93--95

 []

<0.png, id=212, 462.528pt x 346.896pt>
File: 0.png Graphic file (type png)
 <use 0.png>
Package pdftex.def Info: 0.png used on input line 101.
(pdftex.def)             Requested size: 156.49014pt x 117.3661pt.

<hist0.png, id=214, 462.528pt x 346.896pt>
File: hist0.png Graphic file (type png)
 <use hist0.png>
Package pdftex.def Info: hist0.png used on input line 103.
(pdftex.def)             Requested size: 156.49014pt x 117.3661pt.
 [4 <./0.png> <./hist0.png>]
Underfull \hbox (badness 10000) in paragraph at lines 112--116

 []


Underfull \hbox (badness 10000) in paragraph at lines 117--119

 []


Underfull \hbox (badness 10000) in paragraph at lines 120--123

 []


Underfull \hbox (badness 10000) in paragraph at lines 125--127

 []


Underfull \hbox (badness 10000) in paragraph at lines 128--130

 []

<1.png, id=229, 462.528pt x 346.896pt>
File: 1.png Graphic file (type png)
 <use 1.png>
Package pdftex.def Info: 1.png used on input line 139.
(pdftex.def)             Requested size: 156.49014pt x 117.3661pt.

<hist1.png, id=230, 462.528pt x 346.896pt>
File: hist1.png Graphic file (type png)
 <use hist1.png>
Package pdftex.def Info: hist1.png used on input line 141.
(pdftex.def)             Requested size: 156.49014pt x 117.3661pt.
 [5 <./1.png> <./hist1.png>]
Underfull \hbox (badness 10000) in paragraph at lines 152--155

 []


Underfull \hbox (badness 10000) in paragraph at lines 156--158

 []


Underfull \hbox (badness 10000) in paragraph at lines 159--162

 []


Underfull \hbox (badness 10000) in paragraph at lines 164--167

 []


Underfull \hbox (badness 10000) in paragraph at lines 168--170

 []

<2.png, id=241, 462.528pt x 346.896pt>
File: 2.png Graphic file (type png)
 <use 2.png>
Package pdftex.def Info: 2.png used on input line 177.
(pdftex.def)             Requested size: 156.49014pt x 117.3661pt.

<hist2.png, id=242, 462.528pt x 346.896pt>
File: hist2.png Graphic file (type png)
 <use hist2.png>
Package pdftex.def Info: hist2.png used on input line 179.
(pdftex.def)             Requested size: 156.49014pt x 117.3661pt.
 [6 <./2.png> <./hist2.png>]
Underfull \hbox (badness 10000) in paragraph at lines 190--192

 []


Underfull \hbox (badness 10000) in paragraph at lines 193--196

 []


Underfull \hbox (badness 10000) in paragraph at lines 197--199

 []


Underfull \hbox (badness 10000) in paragraph at lines 201--204

 []


Underfull \hbox (badness 10000) in paragraph at lines 205--207

 []


Underfull \hbox (badness 10000) in paragraph at lines 208--211

 []

<3.png, id=254, 462.528pt x 346.896pt>
File: 3.png Graphic file (type png)
 <use 3.png>
Package pdftex.def Info: 3.png used on input line 214.
(pdftex.def)             Requested size: 156.49014pt x 117.3661pt.

<hist3.png, id=255, 462.528pt x 346.896pt>
File: hist3.png Graphic file (type png)
 <use hist3.png>
Package pdftex.def Info: hist3.png used on input line 216.
(pdftex.def)             Requested size: 156.49014pt x 117.3661pt.
 [7 <./3.png> <./hist3.png>]
Underfull \hbox (badness 10000) in paragraph at lines 231--234

 []


Underfull \hbox (badness 10000) in paragraph at lines 235--238

 []


Underfull \hbox (badness 10000) in paragraph at lines 239--242

 []


Underfull \hbox (badness 10000) in paragraph at lines 243--246

 []


Underfull \hbox (badness 10000) in paragraph at lines 247--250

 []


Underfull \hbox (badness 10000) in paragraph at lines 251--254

 []

<4.png, id=266, 462.528pt x 346.896pt>
File: 4.png Graphic file (type png)
 <use 4.png>
Package pdftex.def Info: 4.png used on input line 257.
(pdftex.def)             Requested size: 156.49014pt x 117.3661pt.

<hist4.png, id=267, 462.528pt x 346.896pt>
File: hist4.png Graphic file (type png)
 <use hist4.png>
Package pdftex.def Info: hist4.png used on input line 259.
(pdftex.def)             Requested size: 156.49014pt x 117.3661pt.
 [8 <./4.png> <./hist4.png>]
Underfull \hbox (badness 10000) in paragraph at lines 270--273

 []


Underfull \hbox (badness 10000) in paragraph at lines 274--277

 []


Underfull \hbox (badness 10000) in paragraph at lines 278--281

 []


Underfull \hbox (badness 10000) in paragraph at lines 282--285

 []


Underfull \hbox (badness 10000) in paragraph at lines 286--289

 []


Underfull \hbox (badness 10000) in paragraph at lines 290--293

 []

<5.png, id=278, 462.528pt x 346.896pt>
File: 5.png Graphic file (type png)
 <use 5.png>
Package pdftex.def Info: 5.png used on input line 296.
(pdftex.def)             Requested size: 156.49014pt x 117.3661pt.

<hist5.png, id=279, 462.528pt x 346.896pt>
File: hist5.png Graphic file (type png)
 <use hist5.png>
Package pdftex.def Info: hist5.png used on input line 298.
(pdftex.def)             Requested size: 156.49014pt x 117.3661pt.
 [9 <./5.png> <./hist5.png>]
Underfull \hbox (badness 10000) in paragraph at lines 309--312

 []


Underfull \hbox (badness 10000) in paragraph at lines 313--316

 []


Underfull \hbox (badness 10000) in paragraph at lines 317--320

 []


Underfull \hbox (badness 10000) in paragraph at lines 321--324

 []


Underfull \hbox (badness 10000) in paragraph at lines 325--328

 []


Underfull \hbox (badness 10000) in paragraph at lines 329--332

 []

<6.png, id=290, 462.528pt x 346.896pt>
File: 6.png Graphic file (type png)
 <use 6.png>
Package pdftex.def Info: 6.png used on input line 335.
(pdftex.def)             Requested size: 156.49014pt x 117.3661pt.

<hist6.png, id=291, 462.528pt x 346.896pt>
File: hist6.png Graphic file (type png)
 <use hist6.png>
Package pdftex.def Info: hist6.png used on input line 337.
(pdftex.def)             Requested size: 156.49014pt x 117.3661pt.
 [10 <./6.png> <./hist6.png>]
Underfull \hbox (badness 10000) in paragraph at lines 347--351

 []


Underfull \hbox (badness 10000) in paragraph at lines 352--355

 []


Underfull \hbox (badness 10000) in paragraph at lines 356--359

 []


Underfull \hbox (badness 10000) in paragraph at lines 360--363

 []


Underfull \hbox (badness 10000) in paragraph at lines 364--367

 []


Underfull \hbox (badness 10000) in paragraph at lines 368--371

 []

<7.png, id=307, 462.528pt x 346.896pt>
File: 7.png Graphic file (type png)
 <use 7.png>
Package pdftex.def Info: 7.png used on input line 374.
(pdftex.def)             Requested size: 156.49014pt x 117.3661pt.

<hist7.png, id=308, 462.528pt x 346.896pt>
File: hist7.png Graphic file (type png)
 <use hist7.png>
Package pdftex.def Info: hist7.png used on input line 376.
(pdftex.def)             Requested size: 156.49014pt x 117.3661pt.
 [11 <./7.png> <./hist7.png>] <canny1.png, id=319, 462.528pt x 346.896pt>
File: canny1.png Graphic file (type png)
 <use canny1.png>
Package pdftex.def Info: canny1.png used on input line 385.
(pdftex.def)             Requested size: 156.49014pt x 117.3661pt.

<canny7.png, id=320, 462.528pt x 346.896pt>
File: canny7.png Graphic file (type png)
 <use canny7.png>
Package pdftex.def Info: canny7.png used on input line 387.
(pdftex.def)             Requested size: 156.49014pt x 117.3661pt.
 [12 <./canny1.png> <./canny7.png>]
Underfull \hbox (badness 10000) in paragraph at lines 398--400

 []

LaTeX Font Info:    Try loading font information for OMS+cmr on input line 401.

(/usr/share/texlive/texmf-dist/tex/latex/base/omscmr.fd
File: omscmr.fd 2014/09/29 v2.5h Standard LaTeX font definitions
)
LaTeX Font Info:    Font shape `OMS/cmr/m/n' in size <10> not available
(Font)              Font shape `OMS/cmsy/m/n' tried instead on input line 401.

(/usr/share/texlive/texmf-dist/tex/latex/listings/lstlang1.sty
File: lstlang1.sty 2015/06/04 1.6 listings language file
)
File: hist0.png Graphic file (type png)

<use hist0.png>
Package pdftex.def Info: hist0.png used on input line 417.
(pdftex.def)             Requested size: 156.49014pt x 117.3661pt.
 <histexample.png, id=334, 462.528pt x 346.896pt>
File: histexample.png Graphic file (type png)

<use histexample.png>
Package pdftex.def Info: histexample.png used on input line 419.
(pdftex.def)             Requested size: 156.49014pt x 117.3661pt.
 [13 <./histexample.png>]
Underfull \hbox (badness 10000) in paragraph at lines 429--430

 []


Underfull \hbox (badness 10000) in paragraph at lines 431--432

 []


Underfull \hbox (badness 10000) in paragraph at lines 433--434

 []


Underfull \hbox (badness 10000) in paragraph at lines 435--436

 []


Underfull \hbox (badness 10000) in paragraph at lines 437--438

 []


Underfull \hbox (badness 10000) in paragraph at lines 439--440

 []


Underfull \hbox (badness 10000) in paragraph at lines 441--442

 []


Underfull \hbox (badness 10000) in paragraph at lines 443--444

 []

[14] <GCLM_IMG_0_0.jpg, id=367, 642.4pt x 481.8pt>
File: GCLM_IMG_0_0.jpg Graphic file (type jpg)
 <use GCLM_IMG_0_0.jpg>
Package pdftex.def Info: GCLM_IMG_0_0.jpg used on input line 451.
(pdftex.def)             Requested size: 156.49014pt x 117.362pt.

<GCLM_IMG_0_1.jpg, id=368, 642.4pt x 481.8pt>
File: GCLM_IMG_0_1.jpg Graphic file (type jpg)
 <use GCLM_IMG_0_1.jpg>
Package pdftex.def Info: GCLM_IMG_0_1.jpg used on input line 453.
(pdftex.def)             Requested size: 156.49014pt x 117.362pt.

<GCLM_IMG_0_2.jpg, id=369, 642.4pt x 481.8pt>
File: GCLM_IMG_0_2.jpg Graphic file (type jpg)
 <use GCLM_IMG_0_2.jpg>
Package pdftex.def Info: GCLM_IMG_0_2.jpg used on input line 455.
(pdftex.def)             Requested size: 156.49014pt x 117.362pt.
File: 0.png Graphic file (type png)

<use 0.png>
Package pdftex.def Info: 0.png used on input line 457.
(pdftex.def)             Requested size: 156.49014pt x 117.3661pt.
 [15 <./GCLM_IMG_0_0.jpg> <./GCLM_IMG_0_1.jpg> <./GCLM_IMG_0_2.jpg>] <GCLM_IMG_
1_0.jpg, id=379, 642.4pt x 481.8pt>
File: GCLM_IMG_1_0.jpg Graphic file (type jpg)
 <use GCLM_IMG_1_0.jpg>
Package pdftex.def Info: GCLM_IMG_1_0.jpg used on input line 466.
(pdftex.def)             Requested size: 156.49014pt x 117.362pt.

<GCLM_IMG_1_1.jpg, id=380, 642.4pt x 481.8pt>
File: GCLM_IMG_1_1.jpg Graphic file (type jpg)
 <use GCLM_IMG_1_1.jpg>
Package pdftex.def Info: GCLM_IMG_1_1.jpg used on input line 468.
(pdftex.def)             Requested size: 156.49014pt x 117.362pt.

<GCLM_IMG_1_2.jpg, id=381, 642.4pt x 481.8pt>
File: GCLM_IMG_1_2.jpg Graphic file (type jpg)
 <use GCLM_IMG_1_2.jpg>
Package pdftex.def Info: GCLM_IMG_1_2.jpg used on input line 470.
(pdftex.def)             Requested size: 156.49014pt x 117.362pt.
File: 1.png Graphic file (type png)

<use 1.png>
Package pdftex.def Info: 1.png used on input line 472.
(pdftex.def)             Requested size: 156.49014pt x 117.3661pt.
 [16 <./GCLM_IMG_1_0.jpg> <./GCLM_IMG_1_1.jpg> <./GCLM_IMG_1_2.jpg>] <GCLM_IMG_
2_0.jpg, id=391, 642.4pt x 481.8pt>
File: GCLM_IMG_2_0.jpg Graphic file (type jpg)
 <use GCLM_IMG_2_0.jpg>
Package pdftex.def Info: GCLM_IMG_2_0.jpg used on input line 482.
(pdftex.def)             Requested size: 156.49014pt x 117.362pt.

<GCLM_IMG_2_1.jpg, id=392, 642.4pt x 481.8pt>
File: GCLM_IMG_2_1.jpg Graphic file (type jpg)
 <use GCLM_IMG_2_1.jpg>
Package pdftex.def Info: GCLM_IMG_2_1.jpg used on input line 484.
(pdftex.def)             Requested size: 156.49014pt x 117.362pt.

<GCLM_IMG_2_2.jpg, id=393, 642.4pt x 481.8pt>
File: GCLM_IMG_2_2.jpg Graphic file (type jpg)
 <use GCLM_IMG_2_2.jpg>
Package pdftex.def Info: GCLM_IMG_2_2.jpg used on input line 486.
(pdftex.def)             Requested size: 156.49014pt x 117.362pt.
File: 2.png Graphic file (type png)

<use 2.png>
Package pdftex.def Info: 2.png used on input line 488.
(pdftex.def)             Requested size: 156.49014pt x 117.3661pt.
 [17 <./GCLM_IMG_2_0.jpg> <./GCLM_IMG_2_1.jpg> <./GCLM_IMG_2_2.jpg>] <GCLM_IMG_
3_0.jpg, id=403, 642.4pt x 481.8pt>
File: GCLM_IMG_3_0.jpg Graphic file (type jpg)
 <use GCLM_IMG_3_0.jpg>
Package pdftex.def Info: GCLM_IMG_3_0.jpg used on input line 498.
(pdftex.def)             Requested size: 156.49014pt x 117.362pt.

<GCLM_IMG_3_1.jpg, id=404, 642.4pt x 481.8pt>
File: GCLM_IMG_3_1.jpg Graphic file (type jpg)
 <use GCLM_IMG_3_1.jpg>
Package pdftex.def Info: GCLM_IMG_3_1.jpg used on input line 500.
(pdftex.def)             Requested size: 156.49014pt x 117.362pt.

<GCLM_IMG_3_2.jpg, id=405, 642.4pt x 481.8pt>
File: GCLM_IMG_3_2.jpg Graphic file (type jpg)
 <use GCLM_IMG_3_2.jpg>
Package pdftex.def Info: GCLM_IMG_3_2.jpg used on input line 502.
(pdftex.def)             Requested size: 156.49014pt x 117.362pt.
File: 3.png Graphic file (type png)

<use 3.png>
Package pdftex.def Info: 3.png used on input line 504.
(pdftex.def)             Requested size: 156.49014pt x 117.3661pt.
 [18 <./GCLM_IMG_3_0.jpg> <./GCLM_IMG_3_1.jpg> <./GCLM_IMG_3_2.jpg>] <GCLM_IMG_
4_0.jpg, id=415, 642.4pt x 481.8pt>
File: GCLM_IMG_4_0.jpg Graphic file (type jpg)
 <use GCLM_IMG_4_0.jpg>
Package pdftex.def Info: GCLM_IMG_4_0.jpg used on input line 514.
(pdftex.def)             Requested size: 156.49014pt x 117.362pt.

<GCLM_IMG_4_1.jpg, id=416, 642.4pt x 481.8pt>
File: GCLM_IMG_4_1.jpg Graphic file (type jpg)
 <use GCLM_IMG_4_1.jpg>
Package pdftex.def Info: GCLM_IMG_4_1.jpg used on input line 516.
(pdftex.def)             Requested size: 156.49014pt x 117.362pt.

<GCLM_IMG_4_2.jpg, id=417, 642.4pt x 481.8pt>
File: GCLM_IMG_4_2.jpg Graphic file (type jpg)
 <use GCLM_IMG_4_2.jpg>
Package pdftex.def Info: GCLM_IMG_4_2.jpg used on input line 518.
(pdftex.def)             Requested size: 156.49014pt x 117.362pt.
File: 4.png Graphic file (type png)

<use 4.png>
Package pdftex.def Info: 4.png used on input line 520.
(pdftex.def)             Requested size: 156.49014pt x 117.3661pt.
 [19 <./GCLM_IMG_4_0.jpg> <./GCLM_IMG_4_1.jpg> <./GCLM_IMG_4_2.jpg>] <GCLM_IMG_
5_0.jpg, id=428, 642.4pt x 481.8pt>
File: GCLM_IMG_5_0.jpg Graphic file (type jpg)
 <use GCLM_IMG_5_0.jpg>
Package pdftex.def Info: GCLM_IMG_5_0.jpg used on input line 531.
(pdftex.def)             Requested size: 156.49014pt x 117.362pt.

<GCLM_IMG_5_1.jpg, id=429, 642.4pt x 481.8pt>
File: GCLM_IMG_5_1.jpg Graphic file (type jpg)
 <use GCLM_IMG_5_1.jpg>
Package pdftex.def Info: GCLM_IMG_5_1.jpg used on input line 533.
(pdftex.def)             Requested size: 156.49014pt x 117.362pt.

<GCLM_IMG_5_2.jpg, id=430, 642.4pt x 481.8pt>
File: GCLM_IMG_5_2.jpg Graphic file (type jpg)
 <use GCLM_IMG_5_2.jpg>
Package pdftex.def Info: GCLM_IMG_5_2.jpg used on input line 535.
(pdftex.def)             Requested size: 156.49014pt x 117.362pt.
File: 5.png Graphic file (type png)

<use 5.png>
Package pdftex.def Info: 5.png used on input line 537.
(pdftex.def)             Requested size: 156.49014pt x 117.3661pt.
 [20 <./GCLM_IMG_5_0.jpg> <./GCLM_IMG_5_1.jpg> <./GCLM_IMG_5_2.jpg>] <GCLM_IMG_
6_0.jpg, id=440, 642.4pt x 481.8pt>
File: GCLM_IMG_6_0.jpg Graphic file (type jpg)
 <use GCLM_IMG_6_0.jpg>
Package pdftex.def Info: GCLM_IMG_6_0.jpg used on input line 548.
(pdftex.def)             Requested size: 156.49014pt x 117.362pt.

<GCLM_IMG_6_1.jpg, id=441, 642.4pt x 481.8pt>
File: GCLM_IMG_6_1.jpg Graphic file (type jpg)
 <use GCLM_IMG_6_1.jpg>
Package pdftex.def Info: GCLM_IMG_6_1.jpg used on input line 550.
(pdftex.def)             Requested size: 156.49014pt x 117.362pt.

<GCLM_IMG_6_2.jpg, id=442, 642.4pt x 481.8pt>
File: GCLM_IMG_6_2.jpg Graphic file (type jpg)
 <use GCLM_IMG_6_2.jpg>
Package pdftex.def Info: GCLM_IMG_6_2.jpg used on input line 552.
(pdftex.def)             Requested size: 156.49014pt x 117.362pt.
File: 6.png Graphic file (type png)

<use 6.png>
Package pdftex.def Info: 6.png used on input line 554.
(pdftex.def)             Requested size: 156.49014pt x 117.3661pt.
 [21 <./GCLM_IMG_6_0.jpg> <./GCLM_IMG_6_1.jpg> <./GCLM_IMG_6_2.jpg>] <GCLM_IMG_
7_0.jpg, id=452, 642.4pt x 481.8pt>
File: GCLM_IMG_7_0.jpg Graphic file (type jpg)
 <use GCLM_IMG_7_0.jpg>
Package pdftex.def Info: GCLM_IMG_7_0.jpg used on input line 565.
(pdftex.def)             Requested size: 156.49014pt x 117.362pt.

<GCLM_IMG_7_1.jpg, id=453, 642.4pt x 481.8pt>
File: GCLM_IMG_7_1.jpg Graphic file (type jpg)
 <use GCLM_IMG_7_1.jpg>
Package pdftex.def Info: GCLM_IMG_7_1.jpg used on input line 567.
(pdftex.def)             Requested size: 156.49014pt x 117.362pt.

<GCLM_IMG_7_2.jpg, id=454, 642.4pt x 481.8pt>
File: GCLM_IMG_7_2.jpg Graphic file (type jpg)
 <use GCLM_IMG_7_2.jpg>
Package pdftex.def Info: GCLM_IMG_7_2.jpg used on input line 569.
(pdftex.def)             Requested size: 156.49014pt x 117.362pt.
File: 7.png Graphic file (type png)

<use 7.png>
Package pdftex.def Info: 7.png used on input line 571.
(pdftex.def)             Requested size: 156.49014pt x 117.3661pt.
 [22 <./GCLM_IMG_7_0.jpg> <./GCLM_IMG_7_1.jpg> <./GCLM_IMG_7_2.jpg>] <oppg4iner
tia0.png, id=465, 462.528pt x 346.896pt>
File: oppg4inertia0.png Graphic file (type png)
 <use oppg4inertia0.png>
Package pdftex.def Info: oppg4inertia0.png used on input line 590.
(pdftex.def)             Requested size: 156.49014pt x 117.3661pt.

<oppg4inertia1.png, id=466, 462.528pt x 346.896pt>
File: oppg4inertia1.png Graphic file (type png)
 <use oppg4inertia1.png>
Package pdftex.def Info: oppg4inertia1.png used on input line 592.
(pdftex.def)             Requested size: 156.49014pt x 117.3661pt.

<oppg4homo0.png, id=467, 462.528pt x 346.896pt>
File: oppg4homo0.png Graphic file (type png)
 <use oppg4homo0.png>
Package pdftex.def Info: oppg4homo0.png used on input line 599.
(pdftex.def)             Requested size: 156.49014pt x 117.3661pt.

<oppg4homo1.png, id=468, 462.528pt x 346.896pt>
File: oppg4homo1.png Graphic file (type png)
 <use oppg4homo1.png>
Package pdftex.def Info: oppg4homo1.png used on input line 601.
(pdftex.def)             Requested size: 156.49014pt x 117.3661pt.

<oppg4cluster0.png, id=469, 462.528pt x 346.896pt>
File: oppg4cluster0.png Graphic file (type png)
 <use oppg4cluster0.png>
Package pdftex.def Info: oppg4cluster0.png used on input line 610.
(pdftex.def)             Requested size: 156.49014pt x 117.3661pt.

<oppg4cluster1.png, id=470, 462.528pt x 346.896pt>
File: oppg4cluster1.png Graphic file (type png)
 <use oppg4cluster1.png>
Package pdftex.def Info: oppg4cluster1.png used on input line 612.
(pdftex.def)             Requested size: 156.49014pt x 117.3661pt.


LaTeX Warning: `h' float specifier changed to `ht'.

[23 <./oppg4inertia0.png> <./oppg4inertia1.png> <./oppg4homo0.png> <./oppg4homo
1.png>] <oppg4inertia0filter.png, id=486, 462.528pt x 346.896pt>
File: oppg4inertia0filter.png Graphic file (type png)

<use oppg4inertia0filter.png>
Package pdftex.def Info: oppg4inertia0filter.png used on input line 629.
(pdftex.def)             Requested size: 156.49014pt x 117.3661pt.

<oppg4inertia1filter.png, id=487, 462.528pt x 346.896pt>
File: oppg4inertia1filter.png Graphic file (type png)

<use oppg4inertia1filter.png>
Package pdftex.def Info: oppg4inertia1filter.png used on input line 631.
(pdftex.def)             Requested size: 156.49014pt x 117.3661pt.
 [24 <./oppg4cluster0.png> <./oppg4cluster1.png> <./oppg4inertia0filter.png> <.
/oppg4inertia1filter.png>]
<oppg4homo0filter.png, id=503, 462.528pt x 346.896pt>
File: oppg4homo0filter.png Graphic file (type png)

<use oppg4homo0filter.png>
Package pdftex.def Info: oppg4homo0filter.png used on input line 646.
(pdftex.def)             Requested size: 156.49014pt x 117.3661pt.

<oppg4homo1filter.png, id=504, 462.528pt x 346.896pt>
File: oppg4homo1filter.png Graphic file (type png)

<use oppg4homo1filter.png>
Package pdftex.def Info: oppg4homo1filter.png used on input line 648.
(pdftex.def)             Requested size: 156.49014pt x 117.3661pt.
 [25 <./oppg4homo0filter.png> <./oppg4homo1filter.png>] <oppg4cluster0filter.pn
g, id=516, 462.528pt x 346.896pt>
File: oppg4cluster0filter.png Graphic file (type png)

<use oppg4cluster0filter.png>
Package pdftex.def Info: oppg4cluster0filter.png used on input line 668.
(pdftex.def)             Requested size: 156.49014pt x 117.3661pt.

<oppg4cluster1filter.png, id=517, 462.528pt x 346.896pt>
File: oppg4cluster1filter.png Graphic file (type png)

<use oppg4cluster1filter.png>
Package pdftex.def Info: oppg4cluster1filter.png used on input line 670.
(pdftex.def)             Requested size: 156.49014pt x 117.3661pt.
 [26 <./oppg4cluster0filter.png> <./oppg4cluster1filter.png>] <save4.png, id=52
7, 1373.13pt x 1373.13pt>
File: save4.png Graphic file (type png)
 <use save4.png>
Package pdftex.def Info: save4.png used on input line 679.
(pdftex.def)             Requested size: 370.75006pt x 370.75006pt.

Overfull \hbox (25.75006pt too wide) in paragraph at lines 679--680
[][] 
 []

Package hyperref Info: bookmark level for unknown lstlisting defaults to 0 on i
nput line 687.
(../assignment1.py [27 <./save4.png>]
LaTeX Font Info:    Font shape `OMS/cmr/m/n' in size <8> not available
(Font)              Font shape `OMS/cmsy/m/n' tried instead on input line 10.
 [28] [29] [30] [31] [32] [33] [34])
(../funcs.py [35] [36] [37])
Package atveryend Info: Empty hook `BeforeClearDocument' on input line 694.
 [38]
Package atveryend Info: Empty hook `AfterLastShipout' on input line 694.
 (./report.aux)
Package atveryend Info: Executing hook `AtVeryEndDocument' on input line 694.
Package atveryend Info: Executing hook `AtEndAfterFileList' on input line 694.
Package rerunfilecheck Info: File `report.out' has not changed.
(rerunfilecheck)             Checksum: F200421ECFE6E871CA4AC8112022EABD;2341.
Package atveryend Info: Empty hook `AtVeryVeryEnd' on input line 694.
 ) 
Here is how much of TeX's memory you used:
 11257 strings out of 493029
 161999 string characters out of 6136234
 497587 words of memory out of 5000000
 13881 multiletter control sequences out of 15000+600000
 16957 words of font info for 41 fonts, out of 8000000 for 9000
 1141 hyphenation exceptions out of 8191
 44i,11n,49p,297b,1888s stack positions out of 5000i,500n,10000p,200000b,80000s
{/usr/share/texmf/fonts/enc/dvips/cm-super/cm-super-t1.enc}</usr/share/texliv
e/texmf-dist/fonts/type1/public/amsfonts/cm/cmmi10.pfb></usr/share/texlive/texm
f-dist/fonts/type1/public/amsfonts/cm/cmmi7.pfb></usr/share/texlive/texmf-dist/
fonts/type1/public/amsfonts/cm/cmr10.pfb></usr/share/texlive/texmf-dist/fonts/t
ype1/public/amsfonts/cm/cmr7.pfb></usr/share/texlive/texmf-dist/fonts/type1/pub
lic/amsfonts/cm/cmsy10.pfb></usr/share/texlive/texmf-dist/fonts/type1/public/am
sfonts/cm/cmsy7.pfb></usr/share/texlive/texmf-dist/fonts/type1/public/amsfonts/
cm/cmsy8.pfb></usr/share/texmf/fonts/type1/public/cm-super/sfbx1000.pfb></usr/s
hare/texmf/fonts/type1/public/cm-super/sfbx1200.pfb></usr/share/texmf/fonts/typ
e1/public/cm-super/sfbx1440.pfb></usr/share/texmf/fonts/type1/public/cm-super/s
frm0500.pfb></usr/share/texmf/fonts/type1/public/cm-super/sfrm0600.pfb></usr/sh
are/texmf/fonts/type1/public/cm-super/sfrm0700.pfb></usr/share/texmf/fonts/type
1/public/cm-super/sfrm0800.pfb></usr/share/texmf/fonts/type1/public/cm-super/sf
rm1000.pfb></usr/share/texmf/fonts/type1/public/cm-super/sfrm1200.pfb></usr/sha
re/texmf/fonts/type1/public/cm-super/sfrm1728.pfb></usr/share/texmf/fonts/type1
/public/cm-super/sfti1000.pfb></usr/share/texmf/fonts/type1/public/cm-super/sft
t1000.pfb>
Output written on report.pdf (38 pages, 4642588 bytes).
PDF statistics:
 1359 PDF objects out of 1440 (max. 8388607)
 1198 compressed objects within 12 object streams
 730 named destinations out of 1000 (max. 500000)
 577 words of extra memory for PDF output out of 10000 (max. 10000000)

